<?xml version="1.0" encoding="UTF-8"?>
<testng-results skipped="0" failed="0" ignored="0" total="2" passed="2">
  <reporter-output>
  </reporter-output>
  <suite name="Default suite" duration-ms="32683" started-at="2018-01-07T08:44:05Z" finished-at="2018-01-07T08:44:38Z">
    <groups>
    </groups>
    <test name="Default test" duration-ms="32683" started-at="2018-01-07T08:44:05Z" finished-at="2018-01-07T08:44:38Z">
      <class name="DataProviderTestNG">
        <test-method status="PASS" signature="setUp()[pri:0, instance:DataProviderTestNG@2bbf4b8b]" name="setUp" is-config="true" duration-ms="11681" started-at="2018-01-07T14:14:07Z" finished-at="2018-01-07T14:14:19Z">
          <reporter-output>
          </reporter-output>
        </test-method> <!-- setUp -->
        <test-method status="PASS" signature="sinUp(java.lang.String, java.lang.String, java.lang.String, java.lang.String)[pri:0, instance:DataProviderTestNG@2bbf4b8b]" name="sinUp" duration-ms="2085" started-at="2018-01-07T14:14:19Z" data-provider="getTestData" finished-at="2018-01-07T14:14:21Z">
          <params>
            <param index="0">
              <value>
                <![CDATA[piyush]]>
              </value>
            </param>
            <param index="1">
              <value>
                <![CDATA[garg]]>
              </value>
            </param>
            <param index="2">
              <value>
                <![CDATA[9.9976231454E10]]>
              </value>
            </param>
            <param index="3">
              <value>
                <![CDATA[love123]]>
              </value>
            </param>
          </params>
          <reporter-output>
          </reporter-output>
        </test-method> <!-- sinUp -->
        <test-method status="PASS" signature="tearDown()[pri:0, instance:DataProviderTestNG@2bbf4b8b]" name="tearDown" is-config="true" duration-ms="1583" started-at="2018-01-07T14:14:21Z" finished-at="2018-01-07T14:14:22Z">
          <reporter-output>
          </reporter-output>
        </test-method> <!-- tearDown -->
        <test-method status="PASS" signature="setUp()[pri:0, instance:DataProviderTestNG@2bbf4b8b]" name="setUp" is-config="true" duration-ms="12213" started-at="2018-01-07T14:14:22Z" finished-at="2018-01-07T14:14:35Z">
          <reporter-output>
          </reporter-output>
        </test-method> <!-- setUp -->
        <test-method status="PASS" signature="sinUp(java.lang.String, java.lang.String, java.lang.String, java.lang.String)[pri:0, instance:DataProviderTestNG@2bbf4b8b]" name="sinUp" duration-ms="1792" started-at="2018-01-07T14:14:35Z" data-provider="getTestData" finished-at="2018-01-07T14:14:36Z">
          <params>
            <param index="0">
              <value>
                <![CDATA[disha]]>
              </value>
            </param>
            <param index="1">
              <value>
                <![CDATA[garg]]>
              </value>
            </param>
            <param index="2">
              <value>
                <![CDATA[9.9976231455E10]]>
              </value>
            </param>
            <param index="3">
              <value>
                <![CDATA[love124]]>
              </value>
            </param>
          </params>
          <reporter-output>
          </reporter-output>
        </test-method> <!-- sinUp -->
        <test-method status="PASS" signature="tearDown()[pri:0, instance:DataProviderTestNG@2bbf4b8b]" name="tearDown" is-config="true" duration-ms="1215" started-at="2018-01-07T14:14:36Z" finished-at="2018-01-07T14:14:38Z">
          <reporter-output>
          </reporter-output>
        </test-method> <!-- tearDown -->
      </class> <!-- DataProviderTestNG -->
    </test> <!-- Default test -->
  </suite> <!-- Default suite -->
</testng-results>
